<?xml version="1.0" encoding="UTF-8"?>
<!-- Generated by org.testng.reporters.JUnitReportReporter -->
<testsuite hostname="Prakashs-MacBook-Pro.local" failures="0" tests="2" name="com.akamai.careersite.testRunner.testRunner" time="44.122" errors="0" timestamp="2023-01-04T21:39:51 CET" skipped="0">
  <testcase classname="com.akamai.careersite.testRunner.testRunner" name="runScenario" time="22.648"/>
  <system-out/>
  <testcase classname="com.akamai.careersite.testRunner.testRunner" name="runScenario" time="21.474"/>
  <system-out/>
</testsuite> <!-- com.akamai.careersite.testRunner.testRunner -->
